<?xml version="1.0" encoding="UTF-8"?>
<!-- Generated by org.testng.reporters.JUnitReportReporter -->
<testsuite hostname="DESKTOP-UM6VG8G" failures="0" tests="1" name="TestCases.Login" time="12.142" errors="0" timestamp="2024-11-07T12:00:40 IST" skipped="0">
  <testcase classname="TestCases.Login" name="SignIn" time="12.142"/>
  <system-out/>
</testsuite> <!-- TestCases.Login -->
